[INFO] 06:14:30:203 prueba/(2471:2471): asd
[INFO] 06:24:58:204 prueba/(2891:2891): asd
[INFO] 06:25:40:475 prueba/(2969:2969): asd
[INFO] 06:25:49:997 prueba/(3056:3056): asd
[INFO] 06:25:55:890 prueba/(3117:3117): asd
[INFO] 06:26:07:397 prueba/(3204:3204): asd
[INFO] 06:26:07:400 prueba/(3204:3204): "Hola"
[INFO] 06:31:10:062 prueba/(3450:3450): asd
[INFO] 06:31:10:067 prueba/(3450:3450): "Hola"
[INFO] 06:31:12:962 prueba/(3450:3450): asd
[INFO] 06:31:18:989 prueba/(3473:3473): asd
[INFO] 06:31:18:995 prueba/(3473:3473): "Hola"
[INFO] 06:31:19:999 prueba/(3473:3473): 123123
[INFO] 06:40:22:229 prueba/(3794:3794): asd
[INFO] 06:40:22:237 prueba/(3794:3794): "Hola"
[INFO] 06:40:24:721 prueba/(3794:3794): hola
[INFO] 06:40:26:144 prueba/(3794:3794): asd
[INFO] 06:40:27:768 prueba/(3794:3794): 12314
[INFO] 06:40:28:624 prueba/(3794:3794): 
[INFO] 06:46:44:196 prueba/(4102:4102): asd
[INFO] 06:47:18:138 prueba/(4155:4155): asd
[INFO] 06:47:52:157 prueba/(4234:4234): asd
[INFO] 06:47:52:163 prueba/(4234:4234): asd
[INFO] 06:48:02:914 prueba/(4275:4275): asd
[INFO] 06:48:12:715 prueba/(4294:4294): asd
[INFO] 06:48:29:244 prueba/(4338:4338): asd
[INFO] 06:48:29:245 prueba/(4338:4338):  clave123
[INFO] 07:12:02:441 prueba/(6133:6133): asd
[INFO] 07:12:02:443 prueba/(6133:6133):  clave123
[INFO] 07:12:36:241 prueba/(6152:6152): asd
[INFO] 07:12:36:245 prueba/(6152:6152):  clave123
[INFO] 07:12:40:067 prueba/(6152:6152): asd
[INFO] 07:12:57:346 prueba/(6179:6179): asd
[INFO] 07:12:57:358 prueba/(6179:6179):  clave123
[INFO] 07:13:03:763 prueba/(6194:6194): asd
[INFO] 07:13:03:769 prueba/(6194:6194):  clave123
[INFO] 07:13:07:080 prueba/(6204:6204): asd
[INFO] 07:13:07:097 prueba/(6204:6204):  clave123
[INFO] 07:13:10:895 prueba/(6238:6238): asd
[INFO] 07:13:10:901 prueba/(6238:6238):  clave123
[INFO] 07:13:17:945 prueba/(6267:6267): asd
[INFO] 07:13:17:957 prueba/(6267:6267):  clave123
[INFO] 07:16:13:068 prueba/(6810:6810): asd
[INFO] 07:16:13:069 prueba/(6810:6810):  clave123
[INFO] 07:16:13:854 prueba/(6820:6820): asd
[INFO] 07:16:13:859 prueba/(6820:6820):  clave123
[INFO] 07:16:42:604 prueba/(6844:6844): asd
[INFO] 07:16:42:608 prueba/(6844:6844):  clave123
[INFO] 07:17:03:781 prueba/(6885:6885): asd
[INFO] 07:17:03:781 prueba/(6885:6885):  clave123
[INFO] 07:17:10:083 prueba/(6885:6885): asd
[INFO] 07:17:40:445 prueba/(6916:6916): asd
[INFO] 07:17:40:448 prueba/(6916:6916):  clave123
[INFO] 07:17:45:292 prueba/(6916:6916): asd
[INFO] 07:19:35:550 prueba/(6976:6976): asd
[INFO] 07:19:35:556 prueba/(6976:6976):  clave123
[INFO] 07:20:06:379 prueba/(7022:7022): asd
[INFO] 07:20:06:385 prueba/(7022:7022):  clave123
[INFO] 07:20:12:583 prueba/(7022:7022): asd
[INFO] 07:20:46:116 prueba/(7075:7075): asd
[INFO] 07:20:46:120 prueba/(7075:7075):  clave123
[INFO] 07:20:51:632 prueba/(7075:7075): asd
[INFO] 07:24:15:863 prueba/(7189:7189): asd
[INFO] 07:24:15:863 prueba/(7189:7189):  clave123
[INFO] 07:24:21:144 prueba/(7189:7189): asd
[INFO] 07:27:54:589 prueba/(7323:7323): asd
[INFO] 07:27:54:601 prueba/(7323:7323):  clave123
[INFO] 07:27:59:974 prueba/(7323:7323): asd
[INFO] 07:28:18:154 prueba/(7384:7384): asd
[INFO] 07:28:18:154 prueba/(7384:7384):  clave123
[INFO] 07:28:24:711 prueba/(7384:7384): asd
[INFO] 07:28:42:910 prueba/(7458:7458): asd
[INFO] 07:28:42:928 prueba/(7458:7458):  clave123
[INFO] 07:28:47:656 prueba/(7458:7458): asd
[INFO] 07:35:07:840 prueba/(7709:7709): asd
[INFO] 07:35:07:841 prueba/(7709:7709):  clave123
[INFO] 07:35:40:874 prueba/(7760:7760): asd
[INFO] 07:35:40:880 prueba/(7760:7760):  clave123
[INFO] 07:35:54:486 prueba/(7760:7760): asd
[INFO] 07:36:06:891 prueba/(7709:7709): asd
[INFO] 07:36:28:512 prueba/(7795:7795): asd
[INFO] 07:36:28:518 prueba/(7795:7795):  clave123
[INFO] 07:36:40:352 prueba/(7809:7809): asd
[INFO] 07:36:40:356 prueba/(7809:7809):  clave123
[INFO] 07:36:56:352 prueba/(7824:7824): asd
[INFO] 07:36:56:359 prueba/(7824:7824):  clave123
[INFO] 07:37:04:765 prueba/(7854:7854): asd
[INFO] 07:37:04:768 prueba/(7854:7854):  clave123
[INFO] 07:37:20:984 prueba/(7896:7896): asd
[INFO] 07:37:20:984 prueba/(7896:7896):  clave123
[INFO] 07:37:42:237 prueba/(7929:7929): asd
[INFO] 07:37:42:248 prueba/(7929:7929):  clave123
[INFO] 07:37:51:130 prueba/(7929:7929): asd
[INFO] 07:37:55:590 prueba/(7944:7944): asd
[INFO] 07:37:55:598 prueba/(7944:7944):  clave123
[INFO] 07:38:35:988 prueba/(8063:8063): asd
[INFO] 07:38:35:991 prueba/(8063:8063):  clave123
[INFO] 07:39:05:635 prueba/(8125:8125): asd
[INFO] 07:39:05:655 prueba/(8125:8125):  clave123
[INFO] 07:39:14:468 prueba/(8125:8125): asdsdsd
[INFO] 07:39:24:984 prueba/(8063:8063): fg
[INFO] 07:39:57:737 prueba/(8160:8160): asd
[INFO] 07:39:57:742 prueba/(8160:8160):  clave123
[INFO] 07:40:03:461 prueba/(8174:8174): asd
[INFO] 07:40:03:475 prueba/(8174:8174):  clave123
[INFO] 07:40:10:198 prueba/(8204:8204): asd
[INFO] 07:40:10:210 prueba/(8204:8204):  clave123
[INFO] 07:40:21:438 prueba/(8234:8234): asd
[INFO] 07:40:21:462 prueba/(8234:8234):  clave123
[INFO] 07:40:35:133 prueba/(8269:8269): asd
[INFO] 07:40:35:138 prueba/(8269:8269):  clave123
[INFO] 07:40:45:493 prueba/(8309:8309): asd
[INFO] 07:40:45:503 prueba/(8309:8309):  clave123
[INFO] 07:41:01:270 prueba/(8360:8360): asd
[INFO] 07:41:01:274 prueba/(8360:8360):  clave123
[INFO] 07:41:19:244 prueba/(8393:8393): asd
[INFO] 07:41:19:248 prueba/(8393:8393):  clave123
[INFO] 07:41:42:241 prueba/(8393:8393): asdsdsaddsad
[INFO] 07:50:56:270 prueba/(8550:8550): asd
[INFO] 07:50:56:282 prueba/(8550:8550):  clave123
[INFO] 07:51:00:948 prueba/(8550:8550): ads
[INFO] 07:52:12:320 prueba/(8629:8629): asd
[INFO] 07:52:13:969 prueba/(8629:8629):  clave123
[INFO] 07:52:13:976 prueba/(8629:8629): asd
[INFO] 07:52:29:105 prueba/(8662:8662): asd
[INFO] 07:52:33:319 prueba/(8662:8662):  clave123
[INFO] 07:52:33:320 prueba/(8662:8662): asd
[INFO] 07:54:10:691 prueba/(8774:8774): asd
[INFO] 07:54:13:113 prueba/(8774:8774):  clave123
[INFO] 07:54:13:114 prueba/(8774:8774): asd
[INFO] 07:55:19:478 prueba/(8886:8886): asd
[INFO] 07:55:22:166 prueba/(8886:8886):  clave123
[INFO] 07:55:22:166 prueba/(8886:8886): a
[INFO] 07:55:26:997 prueba/(8886:8886): asd
[INFO] 07:55:44:906 prueba/(8980:8980): asd
[INFO] 07:55:47:741 prueba/(8980:8980):  clave123
[INFO] 07:55:47:741 prueba/(8980:8980): AS
[INFO] 07:55:52:189 prueba/(8980:8980): asd
[INFO] 07:55:54:247 prueba/(8980:8980): asd
[INFO] 07:58:16:125 prueba/(9505:9505): asd
[INFO] 07:58:16:126 prueba/(9505:9505):  clave123
[INFO] 07:58:21:494 prueba/(9505:9505): asd
[INFO] 07:59:23:777 prueba/(9705:9705): asd
[INFO] 07:59:23:780 prueba/(9705:9705):  clave123
[INFO] 07:59:28:860 prueba/(9705:9705): asd
[INFO] 07:59:32:964 prueba/(9705:9705): asd
[INFO] 08:00:17:205 prueba/(9798:9798): asd
[INFO] 08:00:17:206 prueba/(9798:9798):  clave123
[INFO] 08:00:21:318 prueba/(9798:9798): as
[INFO] 08:00:23:254 prueba/(9798:9798): asd
[INFO] 08:00:24:534 prueba/(9798:9798): asd
[INFO] 08:00:36:460 prueba/(9864:9864): asd
[INFO] 08:00:36:460 prueba/(9864:9864):  clave123
[INFO] 08:00:39:976 prueba/(9864:9864): asd
[INFO] 08:00:41:007 prueba/(9864:9864): ads
[INFO] 08:00:55:217 prueba/(9924:9924): asd
[INFO] 08:00:55:218 prueba/(9924:9924):  clave123
[INFO] 08:01:01:096 prueba/(9924:9924): asd
[INFO] 08:01:01:751 prueba/(9924:9924): asd
[INFO] 08:01:02:415 prueba/(9924:9924): asd
[INFO] 08:01:14:081 prueba/(9992:9992): asd
[INFO] 08:01:14:092 prueba/(9992:9992):  clave123
[INFO] 08:01:20:455 prueba/(9992:9992): asd
[INFO] 08:01:21:464 prueba/(9992:9992): asd
[INFO] 08:01:58:664 prueba/(10122:10122): asd
[INFO] 08:01:58:667 prueba/(10122:10122):  clave123
[INFO] 08:02:07:105 prueba/(10158:10158): asd
[INFO] 08:02:07:110 prueba/(10158:10158):  clave123
[INFO] 08:02:10:905 prueba/(10158:10158): asd
[INFO] 08:02:11:561 prueba/(10158:10158): ads
[INFO] 08:02:12:129 prueba/(10158:10158): asd
[INFO] 08:02:43:429 prueba/(10242:10242): asd
[INFO] 08:02:43:430 prueba/(10242:10242):  clave123
[INFO] 08:02:48:932 prueba/(10242:10242): asd
[INFO] 08:02:49:628 prueba/(10242:10242): asd
[INFO] 08:02:50:411 prueba/(10242:10242): asd
[INFO] 08:02:51:099 prueba/(10242:10242): asd
[INFO] 08:02:52:274 prueba/(10242:10242): 
[INFO] 08:02:53:058 prueba/(10242:10242): 
[INFO] 08:02:57:332 prueba/(10242:10242): 
[INFO] 08:03:09:403 prueba/(10242:10242): 
[INFO] 08:03:17:916 prueba/(10242:10242): '\n'
[INFO] 08:03:23:340 prueba/(10242:10242): \n
[INFO] 08:03:46:797 prueba/(10321:10321): asd
[INFO] 08:03:46:805 prueba/(10321:10321):  clave123
[INFO] 08:03:51:660 prueba/(10321:10321): asd
[INFO] 08:03:52:336 prueba/(10321:10321): asd
[INFO] 08:03:52:813 prueba/(10321:10321): asd
[INFO] 08:03:53:444 prueba/(10321:10321): ads
[INFO] 08:03:53:813 prueba/(10321:10321): 
[INFO] 08:04:19:173 prueba/(10371:10371): asd
[INFO] 08:04:19:187 prueba/(10371:10371):  clave123
[INFO] 08:04:25:421 prueba/(10404:10404): asd
[INFO] 08:04:25:426 prueba/(10404:10404):  clave123
[INFO] 08:04:29:486 prueba/(10404:10404): asd
[INFO] 08:04:31:047 prueba/(10404:10404): qwe
[INFO] 08:04:31:774 prueba/(10404:10404): 123
[INFO] 08:04:34:311 prueba/(10404:10404): sexotilin
[INFO] 08:04:35:118 prueba/(10404:10404): 
[INFO] 08:08:37:551 prueba/(10815:10815): asd
[INFO] 08:08:37:558 prueba/(10815:10815):  clave123
[INFO] 08:08:43:376 prueba/(10815:10815): ASD
[INFO] 08:08:44:014 prueba/(10815:10815): ASD
[INFO] 08:08:44:727 prueba/(10815:10815): ASD
[INFO] 08:08:45:894 prueba/(10815:10815): Q1431
[INFO] 08:08:46:318 prueba/(10815:10815): 
